<?xml version="1.0" encoding="UTF-8"?>
<!-- Generated by org.testng.reporters.JUnitReportReporter -->
<testsuite hostname="MUM-LAP-409" failures="0" tests="1" name="RadioTests.Radio2" time="0.015" errors="0" timestamp="01 Jun 2019 20:16:25 GMT" skipped="0">
  <testcase classname="RadioTests.Radio2" name="TransferRadioTest" time="0.015"/>
</testsuite> <!-- RadioTests.Radio2 -->
