<?xml version="1.0" encoding="UTF-8"?>
<!-- Generated by org.testng.reporters.JUnitReportReporter -->
<testsuite hostname="MUM-LAP-409" failures="0" tests="1" name="RadioTests.Radio3" time="0.027" errors="0" timestamp="01 Jun 2019 19:03:55 GMT" skipped="0">
  <testcase classname="RadioTests.Radio3" name="ConferenceRadioTest" time="0.027"/>
</testsuite> <!-- RadioTests.Radio3 -->
